[0m2021.10.21 03:21:28 INFO  Started: Metals version 0.10.7 in workspace 'D:\0. Video Lecture\1. Practice\React\1_MW\react-ms-expense-tracker' for client Visual Studio Code 1.61.2.[0m
[0m2021.10.21 03:21:32 INFO  time: initialize in 4.69s[0m
[0m2021.10.21 03:21:35 WARN  Build server is not auto-connectable.[0m
[0m2021.10.21 03:21:35 WARN  no build tool detected in workspace 'D:\0. Video Lecture\1. Practice\React\1_MW\react-ms-expense-tracker'. The most common cause for this problem is that the editor was opened in the wrong working directory, for example if you use sbt then the workspace directory should contain build.sbt. [0m
[0m2021.10.21 15:26:34 INFO  shutting down Metals[0m
[0m2021.10.22 02:10:02 INFO  Started: Metals version 0.10.7 in workspace 'D:\0. Video Lecture\1. Practice\React\1_MW\react-ms-expense-tracker' for client Visual Studio Code 1.61.2.[0m
[0m2021.10.22 02:10:06 INFO  time: initialize in 4.3s[0m
[0m2021.10.22 02:10:09 WARN  Build server is not auto-connectable.[0m
[0m2021.10.22 02:10:09 WARN  no build tool detected in workspace 'D:\0. Video Lecture\1. Practice\React\1_MW\react-ms-expense-tracker'. The most common cause for this problem is that the editor was opened in the wrong working directory, for example if you use sbt then the workspace directory should contain build.sbt. [0m
[0m2021.10.23 00:47:28 INFO  shutting down Metals[0m
[0m2021.10.24 00:40:40 INFO  Started: Metals version 0.10.7 in workspace 'D:\0. Video Lecture\1. Practice\React\1_MW\react-ms-expense-tracker' for client Visual Studio Code 1.61.2.[0m
[0m2021.10.24 00:40:48 INFO  time: initialize in 7.51s[0m
[0m2021.10.24 00:40:50 WARN  Build server is not auto-connectable.[0m
[0m2021.10.24 00:40:50 WARN  no build tool detected in workspace 'D:\0. Video Lecture\1. Practice\React\1_MW\react-ms-expense-tracker'. The most common cause for this problem is that the editor was opened in the wrong working directory, for example if you use sbt then the workspace directory should contain build.sbt. [0m
[0m2021.10.24 06:02:02 INFO  shutting down Metals[0m
[0m2021.11.04 18:45:02 INFO  Started: Metals version 0.10.9 in workspace 'D:\0. Video Lecture\1. Practice\React\1_MW\react-ms-expense-tracker' for client Visual Studio Code 1.61.2.[0m
[0m2021.11.04 18:45:05 INFO  time: initialize in 3.08s[0m
[0m2021.11.04 18:45:06 WARN  Build server is not auto-connectable.[0m
[0m2021.11.04 18:45:06 WARN  no build tool detected in workspace 'D:\0. Video Lecture\1. Practice\React\1_MW\react-ms-expense-tracker'. The most common cause for this problem is that the editor was opened in the wrong working directory, for example if you use sbt then the workspace directory should contain build.sbt. [0m
[0m2021.11.05 01:12:16 INFO  Started: Metals version 0.10.9 in workspace 'D:\0. Video Lecture\1. Practice\React\1_MW\react-ms-expense-tracker' for client Visual Studio Code 1.61.2.[0m
[0m2021.11.05 01:12:21 INFO  time: initialize in 5.79s[0m
[0m2021.11.05 01:12:27 WARN  Build server is not auto-connectable.[0m
[0m2021.11.05 01:12:27 WARN  no build tool detected in workspace 'D:\0. Video Lecture\1. Practice\React\1_MW\react-ms-expense-tracker'. The most common cause for this problem is that the editor was opened in the wrong working directory, for example if you use sbt then the workspace directory should contain build.sbt. [0m
[0m2021.11.05 01:55:39 INFO  shutting down Metals[0m
[0m2021.11.05 03:29:25 INFO  Started: Metals version 0.10.9 in workspace 'D:\0. Video Lecture\1. Practice\React\1_MW\react-ms-expense-tracker' for client Visual Studio Code 1.62.0.[0m
[0m2021.11.05 03:29:31 INFO  time: initialize in 6.6s[0m
[0m2021.11.05 03:29:36 WARN  Build server is not auto-connectable.[0m
[0m2021.11.05 03:29:36 WARN  no build tool detected in workspace 'D:\0. Video Lecture\1. Practice\React\1_MW\react-ms-expense-tracker'. The most common cause for this problem is that the editor was opened in the wrong working directory, for example if you use sbt then the workspace directory should contain build.sbt. [0m
[0m2021.11.05 22:05:13 INFO  Started: Metals version 0.10.9 in workspace 'D:\0. Video Lecture\1. Practice\React\1_MW\react-ms-expense-tracker' for client Visual Studio Code 1.62.0.[0m
[0m2021.11.05 22:05:18 INFO  time: initialize in 5.39s[0m
[0m2021.11.05 22:05:23 WARN  Build server is not auto-connectable.[0m
[0m2021.11.05 22:05:23 WARN  no build tool detected in workspace 'D:\0. Video Lecture\1. Practice\React\1_MW\react-ms-expense-tracker'. The most common cause for this problem is that the editor was opened in the wrong working directory, for example if you use sbt then the workspace directory should contain build.sbt. [0m
[0m2021.11.05 23:09:55 INFO  shutting down Metals[0m
[0m2021.11.06 23:16:52 INFO  Started: Metals version 0.10.9 in workspace 'D:\0. Video Lecture\1. Practice\React\1_MW\react-ms-expense-tracker' for client Visual Studio Code 1.62.0.[0m
[0m2021.11.06 23:16:59 INFO  time: initialize in 6.96s[0m
[0m2021.11.06 23:17:00 WARN  Build server is not auto-connectable.[0m
[0m2021.11.06 23:17:00 WARN  no build tool detected in workspace 'D:\0. Video Lecture\1. Practice\React\1_MW\react-ms-expense-tracker'. The most common cause for this problem is that the editor was opened in the wrong working directory, for example if you use sbt then the workspace directory should contain build.sbt. [0m
[0m2021.11.07 01:19:33 INFO  shutting down Metals[0m
